# Logfile created on Fri May 23 07:14:32 -0700 2008

Processing SportsChartingController#index (for 24.110.3.5 at 2008-05-23 07:14:52) [GET]
  Session ID: 01f1f5b7f80d36778633ba282a7ff43c
  Parameters: {"action"=>"index", "controller"=>"sports_charting"}
  [4;36;1mSQL (0.049576)[0m   [0;1mSHOW client_min_messages[0m
  [4;35;1mSQL (0.000923)[0m   [0mSET client_min_messages TO 'panic'[0m
  [4;36;1mSQL (0.000866)[0m   [0;1mSHOW standard_conforming_strings[0m
  [4;35;1mSQL (0.000894)[0m   [0mSET client_min_messages TO 'notice'[0m
  [4;36;1mSQL (0.001555)[0m   [0;1mSELECT version()[0m
Rendering template within layouts/sports_charting
Rendering sports_charting/index
Completed in 0.00978 (102 reqs/sec) | Rendering: 0.00648 (66%) | DB: 0.05381 (550%) | 200 OK [http://fit-ng.heroku.com/]


Processing SportsChartingController#teams (for 24.110.3.5 at 2008-05-23 07:15:12) [GET]
  Session ID: BAh7BiIKZmxhc2hJQzonQWN0aW9uQ29udHJvbGxlcjo6Rmxhc2g6OkZsYXNo%0ASGFzaHsABjoKQHVzZWR7AA%3D%3D--671bea3ca7d73946a4204a7a3643fc0c06630d08
  Parameters: {"action"=>"teams", "controller"=>"sports_charting", "sport"=>"nhl"}
Rendering template within layouts/sports_charting
Rendering sports_charting/teams
Rendered aywt/teams/_team (0.00160)
Rendered aywt/teams/_team (0.00033)
Rendered aywt/teams/_team (0.00030)
Rendered aywt/teams/_team (0.00029)
Rendered aywt/teams/_team (0.00029)
Rendered aywt/teams/_team (0.00030)
Rendered aywt/teams/_team (0.00030)
Rendered aywt/teams/_team (0.00087)
Rendered aywt/teams/_team (0.00029)
Rendered aywt/teams/_team (0.00030)
Rendered aywt/teams/_team (0.00029)
Rendered aywt/teams/_team (0.00029)
Rendered aywt/teams/_team (0.00015)
Rendered aywt/teams/_team (0.00029)
Rendered aywt/teams/_team (0.00029)
Rendered aywt/teams/_team (0.00029)
Rendered aywt/teams/_team (0.00029)
Rendered aywt/teams/_team (0.00029)
Rendered aywt/teams/_team (0.00029)
Rendered aywt/teams/_team (0.00030)
Rendered aywt/teams/_team (0.00029)
Rendered aywt/teams/_team (0.00030)
Rendered aywt/teams/_team (0.00029)
Rendered aywt/teams/_team (0.00030)
Rendered aywt/teams/_team (0.00029)
Rendered aywt/teams/_team (0.00029)
Rendered aywt/teams/_team (0.00029)
Rendered aywt/teams/_team (0.00029)
Rendered aywt/teams/_team (0.00029)
Rendered aywt/teams/_team (0.00031)
Rendered aywt/teams/_team (0.00029)
Rendered aywt/teams/_team (0.00029)
Rendered aywt/teams/_team (0.00029)
Rendered aywt/teams/_team (0.00015)
Completed in 0.20594 (4 reqs/sec) | Rendering: 0.01919 (9%) | DB: 0.00000 (0%) | 200 OK [http://fit-ng.heroku.com/sports_charting/teams/nhl]


Processing SportsChartingController#games (for 24.110.3.5 at 2008-05-23 07:15:21) [GET]
  Session ID: BAh7BiIKZmxhc2hJQzonQWN0aW9uQ29udHJvbGxlcjo6Rmxhc2g6OkZsYXNo%0ASGFzaHsABjoKQHVzZWR7AA%3D%3D--671bea3ca7d73946a4204a7a3643fc0c06630d08
  Parameters: {"action"=>"games", "id"=>"13368", "controller"=>"sports_charting"}
Rendering template within layouts/sports_charting
Rendering sports_charting/games
Rendered aywt/games/_game (0.06331)
Rendered aywt/games/_game (0.00129)
Rendered aywt/games/_game (0.00122)
Rendered aywt/games/_game (0.00124)
Completed in 0.20363 (4 reqs/sec) | Rendering: 0.07100 (34%) | DB: 0.00000 (0%) | 200 OK [http://fit-ng.heroku.com/sports_charting/games/13368]


Processing SportsChartingController#game (for 24.110.3.5 at 2008-05-23 07:15:26) [GET]
  Session ID: BAh7BiIKZmxhc2hJQzonQWN0aW9uQ29udHJvbGxlcjo6Rmxhc2g6OkZsYXNo%0ASGFzaHsABjoKQHVzZWR7AA%3D%3D--671bea3ca7d73946a4204a7a3643fc0c06630d08
  Parameters: {"action"=>"game", "id"=>"79738", "controller"=>"sports_charting"}
Rendering template within layouts/sports_charting
Rendering sports_charting/game
Completed in 0.08035 (12 reqs/sec) | Rendering: 0.00454 (5%) | DB: 0.00000 (0%) | 200 OK [http://fit-ng.heroku.com/sports_charting/game/79738]


Processing SportsChartingController#teams (for 24.110.3.5 at 2008-05-23 07:15:40) [GET]
  Session ID: BAh7BiIKZmxhc2hJQzonQWN0aW9uQ29udHJvbGxlcjo6Rmxhc2g6OkZsYXNo%0ASGFzaHsABjoKQHVzZWR7AA%3D%3D--671bea3ca7d73946a4204a7a3643fc0c06630d08
  Parameters: {"action"=>"teams", "controller"=>"sports_charting", "sport"=>"nba"}
Rendering template within layouts/sports_charting
Rendering sports_charting/teams
Rendered aywt/teams/_team (0.00043)
Rendered aywt/teams/_team (0.00015)
Rendered aywt/teams/_team (0.00029)
Rendered aywt/teams/_team (0.00029)
Rendered aywt/teams/_team (0.00029)
Rendered aywt/teams/_team (0.00029)
Rendered aywt/teams/_team (0.00015)
Rendered aywt/teams/_team (0.00029)
Rendered aywt/teams/_team (0.00029)
Rendered aywt/teams/_team (0.00029)
Rendered aywt/teams/_team (0.00015)
Rendered aywt/teams/_team (0.00015)
Rendered aywt/teams/_team (0.00015)
Rendered aywt/teams/_team (0.00030)
Rendered aywt/teams/_team (0.00029)
Rendered aywt/teams/_team (0.00029)
Rendered aywt/teams/_team (0.00029)
Rendered aywt/teams/_team (0.00036)
Rendered aywt/teams/_team (0.00015)
Rendered aywt/teams/_team (0.00015)
Rendered aywt/teams/_team (0.00015)
Rendered aywt/teams/_team (0.00029)
Rendered aywt/teams/_team (0.00029)
Rendered aywt/teams/_team (0.00029)
Rendered aywt/teams/_team (0.00029)
Rendered aywt/teams/_team (0.00015)
Rendered aywt/teams/_team (0.00030)
Rendered aywt/teams/_team (0.00029)
Rendered aywt/teams/_team (0.00029)
Rendered aywt/teams/_team (0.00029)
Rendered aywt/teams/_team (0.00015)
Rendered aywt/teams/_team (0.00029)
Rendered aywt/teams/_team (0.00029)
Rendered aywt/teams/_team (0.00029)
Rendered aywt/teams/_team (0.00015)
Rendered aywt/teams/_team (0.00029)
Rendered aywt/teams/_team (0.00029)
Rendered aywt/teams/_team (0.00029)
Rendered aywt/teams/_team (0.00015)
Rendered aywt/teams/_team (0.00029)
Rendered aywt/teams/_team (0.00015)
Rendered aywt/teams/_team (0.00029)
Rendered aywt/teams/_team (0.00015)
Rendered aywt/teams/_team (0.00029)
Rendered aywt/teams/_team (0.00015)
Rendered aywt/teams/_team (0.00017)
Completed in 0.18748 (5 reqs/sec) | Rendering: 0.08281 (44%) | DB: 0.00000 (0%) | 200 OK [http://fit-ng.heroku.com/sports_charting/teams/nba]


Processing SportsChartingController#games (for 24.110.3.5 at 2008-05-23 07:15:44) [GET]
  Session ID: BAh7BiIKZmxhc2hJQzonQWN0aW9uQ29udHJvbGxlcjo6Rmxhc2g6OkZsYXNo%0ASGFzaHsABjoKQHVzZWR7AA%3D%3D--671bea3ca7d73946a4204a7a3643fc0c06630d08
  Parameters: {"action"=>"games", "id"=>"10200", "controller"=>"sports_charting"}
Rendering template within layouts/sports_charting
Rendering sports_charting/games
Completed in 0.06986 (14 reqs/sec) | Rendering: 0.00184 (2%) | DB: 0.00000 (0%) | 200 OK [http://fit-ng.heroku.com/sports_charting/games/10200]


Processing SportsChartingController#games (for 24.110.3.5 at 2008-05-23 07:15:58) [GET]
  Session ID: BAh7BiIKZmxhc2hJQzonQWN0aW9uQ29udHJvbGxlcjo6Rmxhc2g6OkZsYXNo%0ASGFzaHsABjoKQHVzZWR7AA%3D%3D--671bea3ca7d73946a4204a7a3643fc0c06630d08
  Parameters: {"action"=>"games", "id"=>"10203", "controller"=>"sports_charting"}
Rendering template within layouts/sports_charting
Rendering sports_charting/games
Rendered aywt/games/_game (0.00148)
Rendered aywt/games/_game (0.00122)
Rendered aywt/games/_game (0.00119)
Completed in 0.10599 (9 reqs/sec) | Rendering: 0.00698 (6%) | DB: 0.00000 (0%) | 200 OK [http://fit-ng.heroku.com/sports_charting/games/10203]


Processing SportsChartingController#game (for 24.110.3.5 at 2008-05-23 07:16:00) [GET]
  Session ID: BAh7BiIKZmxhc2hJQzonQWN0aW9uQ29udHJvbGxlcjo6Rmxhc2g6OkZsYXNo%0ASGFzaHsABjoKQHVzZWR7AA%3D%3D--671bea3ca7d73946a4204a7a3643fc0c06630d08
  Parameters: {"action"=>"game", "id"=>"79743", "controller"=>"sports_charting"}
Rendering template within layouts/sports_charting
Rendering sports_charting/game
Completed in 0.07310 (13 reqs/sec) | Rendering: 0.00220 (3%) | DB: 0.00000 (0%) | 200 OK [http://fit-ng.heroku.com/sports_charting/game/79743]


Processing SportsChartingController#index (for 166.192.127.219 at 2008-05-23 10:09:54) [GET]
  Session ID: BAh7BiIKZmxhc2hJQzonQWN0aW9uQ29udHJvbGxlcjo6Rmxhc2g6OkZsYXNo%0ASGFzaHsABjoKQHVzZWR7AA%3D%3D--671bea3ca7d73946a4204a7a3643fc0c06630d08
  Parameters: {"action"=>"index", "controller"=>"sports_charting"}
Rendering template within layouts/sports_charting
Rendering sports_charting/index
Completed in 0.00530 (188 reqs/sec) | Rendering: 0.00216 (40%) | DB: 0.00000 (0%) | 200 OK [http://fit-ng.heroku.com/]


Processing SportsChartingController#teams (for 166.192.127.219 at 2008-05-23 10:10:03) [GET]
  Session ID: BAh7BiIKZmxhc2hJQzonQWN0aW9uQ29udHJvbGxlcjo6Rmxhc2g6OkZsYXNo%0ASGFzaHsABjoKQHVzZWR7AA%3D%3D--671bea3ca7d73946a4204a7a3643fc0c06630d08
  Parameters: {"action"=>"teams", "controller"=>"sports_charting", "sport"=>"mlb"}
Rendering template within layouts/sports_charting
Rendering sports_charting/teams
Rendered aywt/teams/_team (0.00018)
Rendered aywt/teams/_team (0.00039)
Rendered aywt/teams/_team (0.00030)
Rendered aywt/teams/_team (0.00030)
Rendered aywt/teams/_team (0.00029)
Rendered aywt/teams/_team (0.00030)
Rendered aywt/teams/_team (0.00029)
Rendered aywt/teams/_team (0.00030)
Rendered aywt/teams/_team (0.00030)
Rendered aywt/teams/_team (0.00030)
Rendered aywt/teams/_team (0.00030)
Rendered aywt/teams/_team (0.00030)
Rendered aywt/teams/_team (0.00029)
Rendered aywt/teams/_team (0.00030)
Rendered aywt/teams/_team (0.16866)
Rendered aywt/teams/_team (0.00053)
Rendered aywt/teams/_team (0.00031)
Rendered aywt/teams/_team (0.00031)
Rendered aywt/teams/_team (0.00016)
Rendered aywt/teams/_team (0.00033)
Rendered aywt/teams/_team (0.00031)
Rendered aywt/teams/_team (0.00031)
Rendered aywt/teams/_team (0.00032)
Rendered aywt/teams/_team (0.00032)
Rendered aywt/teams/_team (0.00031)
Rendered aywt/teams/_team (0.00031)
Rendered aywt/teams/_team (0.00031)
Rendered aywt/teams/_team (0.00031)
Rendered aywt/teams/_team (0.00031)
Rendered aywt/teams/_team (0.00031)
Rendered aywt/teams/_team (0.00031)
Rendered aywt/teams/_team (0.00030)
Completed in 0.41983 (2 reqs/sec) | Rendering: 0.18674 (44%) | DB: 0.00000 (0%) | 200 OK [http://fit-ng.heroku.com/sports_charting/teams/mlb]


Processing SportsChartingController#games (for 166.192.127.219 at 2008-05-23 10:10:12) [GET]
  Session ID: BAh7BiIKZmxhc2hJQzonQWN0aW9uQ29udHJvbGxlcjo6Rmxhc2g6OkZsYXNo%0ASGFzaHsABjoKQHVzZWR7AA%3D%3D--671bea3ca7d73946a4204a7a3643fc0c06630d08
  Parameters: {"action"=>"games", "id"=>"7073", "controller"=>"sports_charting"}
Rendering template within layouts/sports_charting
Rendering sports_charting/games
Rendered aywt/games/_game (0.00147)
Rendered aywt/games/_game (0.00125)
Rendered aywt/games/_game (0.00157)
Rendered aywt/games/_game (0.00130)
Rendered aywt/games/_game (0.00122)
Rendered aywt/games/_game (0.00121)
Rendered aywt/games/_game (0.00117)
Rendered aywt/games/_game (0.00119)
Rendered aywt/games/_game (0.00120)
Rendered aywt/games/_game (0.00164)
Rendered aywt/games/_game (0.00128)
Rendered aywt/games/_game (0.00122)
Rendered aywt/games/_game (0.00121)
Rendered aywt/games/_game (0.00123)
Completed in 0.39940 (2 reqs/sec) | Rendering: 0.02218 (5%) | DB: 0.00000 (0%) | 200 OK [http://fit-ng.heroku.com/sports_charting/games/7073]


Processing SportsChartingController#game (for 166.192.127.219 at 2008-05-23 10:10:21) [GET]
  Session ID: BAh7BiIKZmxhc2hJQzonQWN0aW9uQ29udHJvbGxlcjo6Rmxhc2g6OkZsYXNo%0ASGFzaHsABjoKQHVzZWR7AA%3D%3D--671bea3ca7d73946a4204a7a3643fc0c06630d08
  Parameters: {"action"=>"game", "id"=>"74635", "controller"=>"sports_charting"}
Rendering template within layouts/sports_charting
Rendering sports_charting/game
Completed in 0.14373 (6 reqs/sec) | Rendering: 0.00236 (1%) | DB: 0.00000 (0%) | 200 OK [http://fit-ng.heroku.com/sports_charting/game/74635]


Processing SportsChartingController#index (for 209.114.194.201 at 2008-05-23 10:41:42) [GET]
  Session ID: b5a4829e0ad66a62fb4a9ed7b1ffa8b8
  Parameters: {"action"=>"index", "controller"=>"sports_charting"}
Rendering template within layouts/sports_charting
Rendering sports_charting/index
Completed in 0.00564 (177 reqs/sec) | Rendering: 0.00228 (40%) | DB: 0.00000 (0%) | 200 OK [http://fit-ng.heroku.com/]


Processing SportsChartingController#teams (for 209.114.194.201 at 2008-05-23 10:41:47) [GET]
  Session ID: BAh7BiIKZmxhc2hJQzonQWN0aW9uQ29udHJvbGxlcjo6Rmxhc2g6OkZsYXNo%0ASGFzaHsABjoKQHVzZWR7AA%3D%3D--671bea3ca7d73946a4204a7a3643fc0c06630d08
  Parameters: {"action"=>"teams", "controller"=>"sports_charting", "sport"=>"mlb"}
Rendering template within layouts/sports_charting
Rendering sports_charting/teams
Rendered aywt/teams/_team (0.00018)
Rendered aywt/teams/_team (0.00040)
Rendered aywt/teams/_team (0.00030)
Rendered aywt/teams/_team (0.00029)
Rendered aywt/teams/_team (0.00029)
Rendered aywt/teams/_team (0.00029)
Rendered aywt/teams/_team (0.00029)
Rendered aywt/teams/_team (0.00029)
Rendered aywt/teams/_team (0.00029)
Rendered aywt/teams/_team (0.00029)
Rendered aywt/teams/_team (0.00029)
Rendered aywt/teams/_team (0.00029)
Rendered aywt/teams/_team (0.00029)
Rendered aywt/teams/_team (0.00029)
Rendered aywt/teams/_team (0.00029)
Rendered aywt/teams/_team (0.00029)
Rendered aywt/teams/_team (0.00029)
Rendered aywt/teams/_team (0.00029)
Rendered aywt/teams/_team (0.00015)
Rendered aywt/teams/_team (0.00029)
Rendered aywt/teams/_team (0.00029)
Rendered aywt/teams/_team (0.00029)
Rendered aywt/teams/_team (0.00029)
Rendered aywt/teams/_team (0.00030)
Rendered aywt/teams/_team (0.00029)
Rendered aywt/teams/_team (0.00029)
Rendered aywt/teams/_team (0.00030)
Rendered aywt/teams/_team (0.00029)
Rendered aywt/teams/_team (0.00029)
Rendered aywt/teams/_team (0.00029)
Rendered aywt/teams/_team (0.00029)
Rendered aywt/teams/_team (0.00029)
Completed in 0.25840 (3 reqs/sec) | Rendering: 0.01538 (5%) | DB: 0.00000 (0%) | 200 OK [http://fit-ng.heroku.com/sports_charting/teams/mlb]


Processing SportsChartingController#games (for 209.114.194.201 at 2008-05-23 10:41:50) [GET]
  Session ID: BAh7BiIKZmxhc2hJQzonQWN0aW9uQ29udHJvbGxlcjo6Rmxhc2g6OkZsYXNo%0ASGFzaHsABjoKQHVzZWR7AA%3D%3D--671bea3ca7d73946a4204a7a3643fc0c06630d08
  Parameters: {"action"=>"games", "id"=>"13376", "controller"=>"sports_charting"}
Rendering template within layouts/sports_charting
Rendering sports_charting/games
Rendered aywt/games/_game (0.00150)
Rendered aywt/games/_game (0.00129)
Rendered aywt/games/_game (0.00128)
Rendered aywt/games/_game (0.00128)
Rendered aywt/games/_game (0.00124)
Rendered aywt/games/_game (0.00124)
Rendered aywt/games/_game (0.00168)
Rendered aywt/games/_game (0.00133)
Rendered aywt/games/_game (0.00132)
Rendered aywt/games/_game (0.00126)
Rendered aywt/games/_game (0.00125)
Rendered aywt/games/_game (0.00124)
Rendered aywt/games/_game (0.00125)
Rendered aywt/games/_game (0.00128)
Rendered aywt/games/_game (0.00126)
Completed in 0.50654 (1 reqs/sec) | Rendering: 0.10511 (20%) | DB: 0.00000 (0%) | 200 OK [http://fit-ng.heroku.com/sports_charting/games/13376]


Processing SportsChartingController#game (for 209.114.194.201 at 2008-05-23 10:41:55) [GET]
  Session ID: BAh7BiIKZmxhc2hJQzonQWN0aW9uQ29udHJvbGxlcjo6Rmxhc2g6OkZsYXNo%0ASGFzaHsABjoKQHVzZWR7AA%3D%3D--671bea3ca7d73946a4204a7a3643fc0c06630d08
  Parameters: {"action"=>"game", "id"=>"75686", "controller"=>"sports_charting"}
Rendering template within layouts/sports_charting
Rendering sports_charting/game
Completed in 0.12327 (8 reqs/sec) | Rendering: 0.00235 (1%) | DB: 0.00000 (0%) | 200 OK [http://fit-ng.heroku.com/sports_charting/game/75686]


Processing SportsChartingController#teams (for 209.114.194.201 at 2008-05-23 10:42:02) [GET]
  Session ID: BAh7BiIKZmxhc2hJQzonQWN0aW9uQ29udHJvbGxlcjo6Rmxhc2g6OkZsYXNo%0ASGFzaHsABjoKQHVzZWR7AA%3D%3D--671bea3ca7d73946a4204a7a3643fc0c06630d08
  Parameters: {"action"=>"teams", "controller"=>"sports_charting", "sport"=>"nhl"}
Rendering template within layouts/sports_charting
Rendering sports_charting/teams
Rendered aywt/teams/_team (0.00044)
Rendered aywt/teams/_team (0.00032)
Rendered aywt/teams/_team (0.00032)
Rendered aywt/teams/_team (0.00031)
Rendered aywt/teams/_team (0.00032)
Rendered aywt/teams/_team (0.00033)
Rendered aywt/teams/_team (0.00032)
Rendered aywt/teams/_team (0.00031)
Rendered aywt/teams/_team (0.00031)
Rendered aywt/teams/_team (0.00031)
Rendered aywt/teams/_team (0.00031)
Rendered aywt/teams/_team (0.00031)
Rendered aywt/teams/_team (0.00016)
Rendered aywt/teams/_team (0.00031)
Rendered aywt/teams/_team (0.00031)
Rendered aywt/teams/_team (0.00034)
Rendered aywt/teams/_team (0.00031)
Rendered aywt/teams/_team (0.00030)
Rendered aywt/teams/_team (0.00031)
Rendered aywt/teams/_team (0.00032)
Rendered aywt/teams/_team (0.00031)
Rendered aywt/teams/_team (0.00039)
Rendered aywt/teams/_team (0.00031)
Rendered aywt/teams/_team (0.00031)
Rendered aywt/teams/_team (0.00031)
Rendered aywt/teams/_team (0.00031)
Rendered aywt/teams/_team (0.00030)
Rendered aywt/teams/_team (0.00030)
Rendered aywt/teams/_team (0.00031)
Rendered aywt/teams/_team (0.00031)
Rendered aywt/teams/_team (0.00031)
Rendered aywt/teams/_team (0.00031)
Rendered aywt/teams/_team (0.00030)
Rendered aywt/teams/_team (0.00016)
Completed in 0.40318 (2 reqs/sec) | Rendering: 0.06296 (15%) | DB: 0.00000 (0%) | 200 OK [http://fit-ng.heroku.com/sports_charting/teams/nhl]


Processing SportsChartingController#games (for 209.114.194.201 at 2008-05-23 10:42:04) [GET]
  Session ID: BAh7BiIKZmxhc2hJQzonQWN0aW9uQ29udHJvbGxlcjo6Rmxhc2g6OkZsYXNo%0ASGFzaHsABjoKQHVzZWR7AA%3D%3D--671bea3ca7d73946a4204a7a3643fc0c06630d08
  Parameters: {"action"=>"games", "id"=>"13352", "controller"=>"sports_charting"}
Rendering template within layouts/sports_charting
Rendering sports_charting/games
Completed in 0.14241 (7 reqs/sec) | Rendering: 0.00181 (1%) | DB: 0.00000 (0%) | 200 OK [http://fit-ng.heroku.com/sports_charting/games/13352]


Processing SportsChartingController#teams (for 209.114.194.201 at 2008-05-23 10:42:07) [GET]
  Session ID: BAh7BiIKZmxhc2hJQzonQWN0aW9uQ29udHJvbGxlcjo6Rmxhc2g6OkZsYXNo%0ASGFzaHsABjoKQHVzZWR7AA%3D%3D--671bea3ca7d73946a4204a7a3643fc0c06630d08
  Parameters: {"action"=>"teams", "controller"=>"sports_charting", "sport"=>"nba"}
Rendering template within layouts/sports_charting
Rendering sports_charting/teams
Rendered aywt/teams/_team (0.00041)
Rendered aywt/teams/_team (0.00015)
Rendered aywt/teams/_team (0.00030)
Rendered aywt/teams/_team (0.00029)
Rendered aywt/teams/_team (0.00029)
Rendered aywt/teams/_team (0.00029)
Rendered aywt/teams/_team (0.00015)
Rendered aywt/teams/_team (0.00029)
Rendered aywt/teams/_team (0.00029)
Rendered aywt/teams/_team (0.00029)
Rendered aywt/teams/_team (0.00015)
Rendered aywt/teams/_team (0.00015)
Rendered aywt/teams/_team (0.00015)
Rendered aywt/teams/_team (0.00030)
Rendered aywt/teams/_team (0.00029)
Rendered aywt/teams/_team (0.00029)
Rendered aywt/teams/_team (0.00029)
Rendered aywt/teams/_team (0.00029)
Rendered aywt/teams/_team (0.00015)
Rendered aywt/teams/_team (0.00015)
Rendered aywt/teams/_team (0.00017)
Rendered aywt/teams/_team (0.00032)
Rendered aywt/teams/_team (0.00030)
Rendered aywt/teams/_team (0.00030)
Rendered aywt/teams/_team (0.00055)
Rendered aywt/teams/_team (0.00015)
Rendered aywt/teams/_team (0.00029)
Rendered aywt/teams/_team (0.00029)
Rendered aywt/teams/_team (0.00029)
Rendered aywt/teams/_team (0.00029)
Rendered aywt/teams/_team (0.00015)
Rendered aywt/teams/_team (0.00029)
Rendered aywt/teams/_team (0.00029)
Rendered aywt/teams/_team (0.00029)
Rendered aywt/teams/_team (0.00015)
Rendered aywt/teams/_team (0.00029)
Rendered aywt/teams/_team (0.00029)
Rendered aywt/teams/_team (0.00029)
Rendered aywt/teams/_team (0.00015)
Rendered aywt/teams/_team (0.00029)
Rendered aywt/teams/_team (0.00015)
Rendered aywt/teams/_team (0.00028)
Rendered aywt/teams/_team (0.00015)
Rendered aywt/teams/_team (0.00029)
Rendered aywt/teams/_team (0.00015)
Rendered aywt/teams/_team (0.00015)
Completed in 0.30456 (3 reqs/sec) | Rendering: 0.09028 (29%) | DB: 0.00000 (0%) | 200 OK [http://fit-ng.heroku.com/sports_charting/teams/nba]


Processing SportsChartingController#games (for 209.114.194.201 at 2008-05-23 10:42:13) [GET]
  Session ID: BAh7BiIKZmxhc2hJQzonQWN0aW9uQ29udHJvbGxlcjo6Rmxhc2g6OkZsYXNo%0ASGFzaHsABjoKQHVzZWR7AA%3D%3D--671bea3ca7d73946a4204a7a3643fc0c06630d08
  Parameters: {"action"=>"games", "id"=>"10189", "controller"=>"sports_charting"}
Rendering template within layouts/sports_charting
Rendering sports_charting/games
Rendered aywt/games/_game (0.07961)
Rendered aywt/games/_game (0.00142)
Rendered aywt/games/_game (0.00121)
Rendered aywt/games/_game (0.00120)
Completed in 0.27293 (3 reqs/sec) | Rendering: 0.08647 (31%) | DB: 0.00000 (0%) | 200 OK [http://fit-ng.heroku.com/sports_charting/games/10189]


Processing SportsChartingController#game (for 209.114.194.201 at 2008-05-23 10:42:18) [GET]
  Session ID: BAh7BiIKZmxhc2hJQzonQWN0aW9uQ29udHJvbGxlcjo6Rmxhc2g6OkZsYXNo%0ASGFzaHsABjoKQHVzZWR7AA%3D%3D--671bea3ca7d73946a4204a7a3643fc0c06630d08
  Parameters: {"action"=>"game", "id"=>"79733", "controller"=>"sports_charting"}
Rendering template within layouts/sports_charting
Rendering sports_charting/game
Completed in 0.14984 (6 reqs/sec) | Rendering: 0.00230 (1%) | DB: 0.00000 (0%) | 200 OK [http://fit-ng.heroku.com/sports_charting/game/79733]


Processing SportsChartingController#teams (for 209.114.194.201 at 2008-05-23 10:42:36) [GET]
  Session ID: BAh7BiIKZmxhc2hJQzonQWN0aW9uQ29udHJvbGxlcjo6Rmxhc2g6OkZsYXNo%0ASGFzaHsABjoKQHVzZWR7AA%3D%3D--671bea3ca7d73946a4204a7a3643fc0c06630d08
  Parameters: {"action"=>"teams", "controller"=>"sports_charting", "sport"=>"mlb"}
Rendering template within layouts/sports_charting
Rendering sports_charting/teams
Rendered aywt/teams/_team (0.00018)
Rendered aywt/teams/_team (0.00038)
Rendered aywt/teams/_team (0.00029)
Rendered aywt/teams/_team (0.00029)
Rendered aywt/teams/_team (0.00029)
Rendered aywt/teams/_team (0.00029)
Rendered aywt/teams/_team (0.00029)
Rendered aywt/teams/_team (0.00028)
Rendered aywt/teams/_team (0.00029)
Rendered aywt/teams/_team (0.00029)
Rendered aywt/teams/_team (0.00029)
Rendered aywt/teams/_team (0.00029)
Rendered aywt/teams/_team (0.00030)
Rendered aywt/teams/_team (0.00029)
Rendered aywt/teams/_team (0.00029)
Rendered aywt/teams/_team (0.00029)
Rendered aywt/teams/_team (0.00029)
Rendered aywt/teams/_team (0.00069)
Rendered aywt/teams/_team (0.00016)
Rendered aywt/teams/_team (0.00029)
Rendered aywt/teams/_team (0.00029)
Rendered aywt/teams/_team (0.00029)
Rendered aywt/teams/_team (0.00029)
Rendered aywt/teams/_team (0.00029)
Rendered aywt/teams/_team (0.00029)
Rendered aywt/teams/_team (0.00029)
Rendered aywt/teams/_team (0.00029)
Rendered aywt/teams/_team (0.00029)
Rendered aywt/teams/_team (0.00029)
Rendered aywt/teams/_team (0.00029)
Rendered aywt/teams/_team (0.00029)
Rendered aywt/teams/_team (0.00029)
Completed in 0.16232 (6 reqs/sec) | Rendering: 0.01549 (9%) | DB: 0.00000 (0%) | 200 OK [http://fit-ng.heroku.com/sports_charting/teams/mlb]


Processing SportsChartingController#games (for 209.114.194.201 at 2008-05-23 10:42:39) [GET]
  Session ID: BAh7BiIKZmxhc2hJQzonQWN0aW9uQ29udHJvbGxlcjo6Rmxhc2g6OkZsYXNo%0ASGFzaHsABjoKQHVzZWR7AA%3D%3D--671bea3ca7d73946a4204a7a3643fc0c06630d08
  Parameters: {"action"=>"games", "id"=>"7073", "controller"=>"sports_charting"}
Rendering template within layouts/sports_charting
Rendering sports_charting/games
Rendered aywt/games/_game (0.00146)
Rendered aywt/games/_game (0.00125)
Rendered aywt/games/_game (0.00123)
Rendered aywt/games/_game (0.00127)
Rendered aywt/games/_game (0.00124)
Rendered aywt/games/_game (0.00126)
Rendered aywt/games/_game (0.00120)
Rendered aywt/games/_game (0.00121)
Rendered aywt/games/_game (0.00123)
Rendered aywt/games/_game (0.00121)
Rendered aywt/games/_game (0.00121)
Rendered aywt/games/_game (0.00122)
Rendered aywt/games/_game (0.00123)
Rendered aywt/games/_game (0.06666)
Completed in 0.40963 (2 reqs/sec) | Rendering: 0.08702 (21%) | DB: 0.00000 (0%) | 200 OK [http://fit-ng.heroku.com/sports_charting/games/7073]


Processing SportsChartingController#game (for 209.114.194.201 at 2008-05-23 10:42:44) [GET]
  Session ID: BAh7BiIKZmxhc2hJQzonQWN0aW9uQ29udHJvbGxlcjo6Rmxhc2g6OkZsYXNo%0ASGFzaHsABjoKQHVzZWR7AA%3D%3D--671bea3ca7d73946a4204a7a3643fc0c06630d08
  Parameters: {"action"=>"game", "id"=>"74635", "controller"=>"sports_charting"}
Rendering template within layouts/sports_charting
Rendering sports_charting/game
Completed in 0.14462 (6 reqs/sec) | Rendering: 0.00226 (1%) | DB: 0.00000 (0%) | 200 OK [http://fit-ng.heroku.com/sports_charting/game/74635]


Processing SportsChartingController#index (for 209.114.194.201 at 2008-05-23 12:35:59) [GET]
  Session ID: d4faf2d1098ae69c665e1bf3aebe8218
  Parameters: {"action"=>"index", "controller"=>"sports_charting"}
Rendering template within layouts/sports_charting
Rendering sports_charting/index
Completed in 0.00539 (185 reqs/sec) | Rendering: 0.00214 (39%) | DB: 0.00000 (0%) | 200 OK [http://fit-ng.heroku.com/]


Processing SportsChartingController#teams (for 209.114.194.201 at 2008-05-23 12:37:02) [GET]
  Session ID: BAh7BiIKZmxhc2hJQzonQWN0aW9uQ29udHJvbGxlcjo6Rmxhc2g6OkZsYXNo%0ASGFzaHsABjoKQHVzZWR7AA%3D%3D--671bea3ca7d73946a4204a7a3643fc0c06630d08
  Parameters: {"action"=>"teams", "controller"=>"sports_charting", "sport"=>"mlb"}
Rendering template within layouts/sports_charting
Rendering sports_charting/teams
Rendered aywt/teams/_team (0.00018)
Rendered aywt/teams/_team (0.00083)
Rendered aywt/teams/_team (0.00032)
Rendered aywt/teams/_team (0.00030)
Rendered aywt/teams/_team (0.00030)
Rendered aywt/teams/_team (0.00030)
Rendered aywt/teams/_team (0.00030)
Rendered aywt/teams/_team (0.00030)
Rendered aywt/teams/_team (0.00030)
Rendered aywt/teams/_team (0.00030)
Rendered aywt/teams/_team (0.00030)
Rendered aywt/teams/_team (0.00030)
Rendered aywt/teams/_team (0.00030)
Rendered aywt/teams/_team (0.00030)
Rendered aywt/teams/_team (0.00030)
Rendered aywt/teams/_team (0.00029)
Rendered aywt/teams/_team (0.00029)
Rendered aywt/teams/_team (0.00030)
Rendered aywt/teams/_team (0.00016)
Rendered aywt/teams/_team (0.00030)
Rendered aywt/teams/_team (0.00030)
Rendered aywt/teams/_team (0.00030)
Rendered aywt/teams/_team (0.00030)
Rendered aywt/teams/_team (0.00031)
Rendered aywt/teams/_team (0.00029)
Rendered aywt/teams/_team (0.00029)
Rendered aywt/teams/_team (0.00029)
Rendered aywt/teams/_team (0.00029)
Rendered aywt/teams/_team (0.00030)
Rendered aywt/teams/_team (0.00030)
Rendered aywt/teams/_team (0.00030)
Rendered aywt/teams/_team (0.00029)
Completed in 0.29439 (3 reqs/sec) | Rendering: 0.01609 (5%) | DB: 0.00000 (0%) | 200 OK [http://fit-ng.heroku.com/sports_charting/teams/mlb]


Processing SportsChartingController#games (for 209.114.194.201 at 2008-05-23 12:37:22) [GET]
  Session ID: BAh7BiIKZmxhc2hJQzonQWN0aW9uQ29udHJvbGxlcjo6Rmxhc2g6OkZsYXNo%0ASGFzaHsABjoKQHVzZWR7AA%3D%3D--671bea3ca7d73946a4204a7a3643fc0c06630d08
  Parameters: {"action"=>"games", "id"=>"7073", "controller"=>"sports_charting"}
Rendering template within layouts/sports_charting
Rendering sports_charting/games
Rendered aywt/games/_game (0.06559)
Rendered aywt/games/_game (0.00147)
Rendered aywt/games/_game (0.00131)
Rendered aywt/games/_game (0.00132)
Rendered aywt/games/_game (0.00130)
Rendered aywt/games/_game (0.00128)
Rendered aywt/games/_game (0.00125)
Rendered aywt/games/_game (0.00128)
Rendered aywt/games/_game (0.00124)
Rendered aywt/games/_game (0.00125)
Rendered aywt/games/_game (0.00169)
Rendered aywt/games/_game (0.00132)
Rendered aywt/games/_game (0.00126)
Rendered aywt/games/_game (0.00125)
Completed in 0.49017 (2 reqs/sec) | Rendering: 0.09663 (19%) | DB: 0.00000 (0%) | 200 OK [http://fit-ng.heroku.com/sports_charting/games/7073]


Processing SportsChartingController#game (for 209.114.194.201 at 2008-05-23 12:37:50) [GET]
  Session ID: BAh7BiIKZmxhc2hJQzonQWN0aW9uQ29udHJvbGxlcjo6Rmxhc2g6OkZsYXNo%0ASGFzaHsABjoKQHVzZWR7AA%3D%3D--671bea3ca7d73946a4204a7a3643fc0c06630d08
  Parameters: {"action"=>"game", "id"=>"74635", "controller"=>"sports_charting"}
Rendering template within layouts/sports_charting
Rendering sports_charting/game
Completed in 0.08847 (11 reqs/sec) | Rendering: 0.00226 (2%) | DB: 0.00000 (0%) | 200 OK [http://fit-ng.heroku.com/sports_charting/game/74635]


Processing SportsChartingController#game (for 209.114.194.201 at 2008-05-23 12:39:02) [GET]
  Session ID: BAh7BiIKZmxhc2hJQzonQWN0aW9uQ29udHJvbGxlcjo6Rmxhc2g6OkZsYXNo%0ASGFzaHsABjoKQHVzZWR7AA%3D%3D--671bea3ca7d73946a4204a7a3643fc0c06630d08
  Parameters: {"action"=>"game", "id"=>"74640", "controller"=>"sports_charting"}
Rendering template within layouts/sports_charting
Rendering sports_charting/game
Completed in 0.14770 (6 reqs/sec) | Rendering: 0.00224 (1%) | DB: 0.00000 (0%) | 200 OK [http://fit-ng.heroku.com/sports_charting/game/74640]
